<?xml version="1.0" encoding="UTF-8"?>
<testng-results skipped="0" failed="0" total="1" passed="1">
  <reporter-output>
  </reporter-output>
  <suite name="Default suite" duration-ms="40004" started-at="2014-07-21T05:04:56Z" finished-at="2014-07-21T05:05:36Z">
    <groups>
    </groups>
    <test name="Default test" duration-ms="40004" started-at="2014-07-21T05:04:56Z" finished-at="2014-07-21T05:05:36Z">
      <class name="com.auction.ipad.tests.LoginTest">
        <test-method status="PASS" signature="setup()[pri:0, instance:com.auction.ipad.tests.LoginTest@78e61fd1]" name="setup" is-config="true" duration-ms="6" started-at="2014-07-20T22:04:56Z" finished-at="2014-07-20T22:04:56Z">
          <reporter-output>
          </reporter-output>
        </test-method> <!-- setup -->
        <test-method status="PASS" signature="setupLocal()[pri:0, instance:com.auction.ipad.tests.LoginTest@78e61fd1]" name="setupLocal" is-config="true" duration-ms="18369" started-at="2014-07-20T22:04:56Z" finished-at="2014-07-20T22:05:14Z">
          <reporter-output>
          </reporter-output>
        </test-method> <!-- setupLocal -->
        <test-method status="PASS" signature="signInUsingValidCredentials()[pri:0, instance:com.auction.ipad.tests.LoginTest@78e61fd1]" name="signInUsingValidCredentials" duration-ms="21269" started-at="2014-07-20T22:05:14Z" finished-at="2014-07-20T22:05:36Z">
          <reporter-output>
          </reporter-output>
        </test-method> <!-- signInUsingValidCredentials -->
        <test-method status="PASS" signature="tearDown()[pri:0, instance:com.auction.ipad.tests.LoginTest@78e61fd1]" name="tearDown" is-config="true" duration-ms="358" started-at="2014-07-20T22:05:36Z" finished-at="2014-07-20T22:05:36Z">
          <reporter-output>
          </reporter-output>
        </test-method> <!-- tearDown -->
      </class> <!-- com.auction.ipad.tests.LoginTest -->
    </test> <!-- Default test -->
  </suite> <!-- Default suite -->
</testng-results>
